<?xml version="1.0" encoding="UTF-8"?>
<!-- Generated by org.testng.reporters.JUnitXMLReporter -->
<testsuite hostname="IBM-SAVANNA" ignored="0" name="Default test" tests="4" failures="0" timestamp="14 mai 2018 01:49:18 GMT" time="13.395" errors="0">
  <testcase name="clickRadioButtonEsquerda" time="2.104" classname="testCases.Chapter1TestCase"/>
  <testcase name="clickComboBoxEsquerda" time="2.294" classname="testCases.Chapter1TestCase"/>
  <testcase name="clickButtonLoadRedBox" time="2.12" classname="testCases.Chapter1TestCase"/>
  <testcase name="verifyTextRedBox" time="2.077" classname="testCases.Chapter1TestCase"/>
</testsuite> <!-- Default test -->
