<?xml version="1.0" encoding="UTF-8"?>
<!-- Generated by org.testng.reporters.JUnitXMLReporter -->
<testsuite hostname="IBM-SAVANNA" ignored="0" name="Default test" tests="4" failures="0" timestamp="13 mai 2018 14:26:42 GMT" time="18.881" errors="0">
  <testcase name="clickButtonLoadRedBox" time="5.174" classname="testCases.Chapter1TestCase"/>
  <testcase name="clickComboBoxEsquerda" time="1.468" classname="testCases.Chapter1TestCase"/>
  <testcase name="clickRadioButtonEsquerda" time="1.202" classname="testCases.Chapter1TestCase"/>
  <testcase name="verifyTextRedBox" time="5.129" classname="testCases.Chapter1TestCase"/>
</testsuite> <!-- Default test -->
