<?xml version="1.0" encoding="UTF-8"?>
<testng-results skipped="0" failed="0" ignored="0" total="3" passed="3">
  <reporter-output>
  </reporter-output>
  <suite name="Default suite" duration-ms="8094" started-at="2018-05-13T14:07:43Z" finished-at="2018-05-13T14:07:51Z">
    <groups>
    </groups>
    <test name="Default test" duration-ms="8094" started-at="2018-05-13T14:07:43Z" finished-at="2018-05-13T14:07:51Z">
      <class name="testCases.Chapter1TestCase">
        <test-method status="PASS" signature="setUp()[pri:0, instance:testCases.Chapter1TestCase@675d3402]" name="setUp" is-config="true" duration-ms="6622" started-at="2018-05-13T11:07:43Z" finished-at="2018-05-13T11:07:49Z">
          <reporter-output>
          </reporter-output>
        </test-method> <!-- setUp -->
        <test-method status="PASS" signature="clickButtonLoadRedBox()[pri:0, instance:testCases.Chapter1TestCase@675d3402]" name="clickButtonLoadRedBox" duration-ms="1151" started-at="2018-05-13T11:07:49Z" finished-at="2018-05-13T11:07:50Z">
          <reporter-output>
          </reporter-output>
        </test-method> <!-- clickButtonLoadRedBox -->
        <test-method status="PASS" signature="clickRadioButtonEsquerda()[pri:0, instance:testCases.Chapter1TestCase@675d3402]" name="clickRadioButtonEsquerda" duration-ms="145" started-at="2018-05-13T11:07:50Z" finished-at="2018-05-13T11:07:51Z">
          <reporter-output>
          </reporter-output>
        </test-method> <!-- clickRadioButtonEsquerda -->
        <test-method status="PASS" signature="verifyTextRedBox()[pri:0, instance:testCases.Chapter1TestCase@675d3402]" name="verifyTextRedBox" duration-ms="134" started-at="2018-05-13T11:07:51Z" finished-at="2018-05-13T11:07:51Z">
          <reporter-output>
          </reporter-output>
        </test-method> <!-- verifyTextRedBox -->
      </class> <!-- testCases.Chapter1TestCase -->
    </test> <!-- Default test -->
  </suite> <!-- Default suite -->
</testng-results>
