<?xml version="1.0" encoding="UTF-8"?>
<testng-results skipped="0" failed="0" ignored="0" total="4" passed="4">
  <reporter-output>
  </reporter-output>
  <suite name="Default suite" duration-ms="18881" started-at="2018-05-13T14:26:23Z" finished-at="2018-05-13T14:26:41Z">
    <groups>
    </groups>
    <test name="Default test" duration-ms="18881" started-at="2018-05-13T14:26:23Z" finished-at="2018-05-13T14:26:41Z">
      <class name="testCases.Chapter1TestCase">
        <test-method status="PASS" signature="setUp()[pri:0, instance:testCases.Chapter1TestCase@675d3402]" name="setUp" is-config="true" duration-ms="5869" started-at="2018-05-13T11:26:23Z" finished-at="2018-05-13T11:26:28Z">
          <reporter-output>
          </reporter-output>
        </test-method> <!-- setUp -->
        <test-method status="PASS" signature="clickButtonLoadRedBox()[pri:0, instance:testCases.Chapter1TestCase@675d3402]" name="clickButtonLoadRedBox" duration-ms="5174" started-at="2018-05-13T11:26:28Z" finished-at="2018-05-13T11:26:34Z">
          <reporter-output>
          </reporter-output>
        </test-method> <!-- clickButtonLoadRedBox -->
        <test-method status="PASS" signature="clickComboBoxEsquerda()[pri:0, instance:testCases.Chapter1TestCase@675d3402]" name="clickComboBoxEsquerda" duration-ms="1468" started-at="2018-05-13T11:26:34Z" finished-at="2018-05-13T11:26:35Z">
          <reporter-output>
          </reporter-output>
        </test-method> <!-- clickComboBoxEsquerda -->
        <test-method status="PASS" signature="clickRadioButtonEsquerda()[pri:0, instance:testCases.Chapter1TestCase@675d3402]" name="clickRadioButtonEsquerda" duration-ms="1202" started-at="2018-05-13T11:26:35Z" finished-at="2018-05-13T11:26:36Z">
          <reporter-output>
          </reporter-output>
        </test-method> <!-- clickRadioButtonEsquerda -->
        <test-method status="PASS" signature="verifyTextRedBox()[pri:0, instance:testCases.Chapter1TestCase@675d3402]" name="verifyTextRedBox" duration-ms="5129" started-at="2018-05-13T11:26:36Z" finished-at="2018-05-13T11:26:41Z">
          <reporter-output>
          </reporter-output>
        </test-method> <!-- verifyTextRedBox -->
      </class> <!-- testCases.Chapter1TestCase -->
    </test> <!-- Default test -->
  </suite> <!-- Default suite -->
</testng-results>
